-------------------------------------------------------------------------------
Test set: com.san.web.TestWelcome
-------------------------------------------------------------------------------
Tests run: 2, Failures: 1, Errors: 0, Skipped: 0, Time elapsed: 0.848 s <<< FAILURE! - in com.san.web.TestWelcome
testWelcome  Time elapsed: 0.039 s  <<< FAILURE!
java.lang.AssertionError: Status expected:<200> but was:<404>
	at com.san.web.TestWelcome.testWelcome(TestWelcome.java:43)

